[debug] [2023-12-06T12:28:50.722Z] ----------------------------------------------------------------------
[debug] [2023-12-06T12:28:50.723Z] Command:       /Users/zzionie/.nvm/versions/node/v18.16.0/bin/node /Users/zzionie/.nvm/versions/node/v18.16.0/bin/firebase init
[debug] [2023-12-06T12:28:50.723Z] CLI Version:   12.9.1
[debug] [2023-12-06T12:28:50.723Z] Platform:      darwin
[debug] [2023-12-06T12:28:50.724Z] Node Version:  v18.16.0
[debug] [2023-12-06T12:28:50.724Z] Time:          Wed Dec 06 2023 21:28:50 GMT+0900 (대한민국 표준시)
[debug] [2023-12-06T12:28:50.724Z] ----------------------------------------------------------------------
[debug] 
[debug] [2023-12-06T12:28:50.726Z] >>> [apiv2][query] GET https://firebase-public.firebaseio.com/cli.json [none]
[debug] [2023-12-06T12:28:50.749Z] > command requires scopes: ["email","openid","https://www.googleapis.com/auth/cloudplatformprojects.readonly","https://www.googleapis.com/auth/firebase","https://www.googleapis.com/auth/cloud-platform"]
[debug] [2023-12-06T12:28:50.749Z] > authorizing via signed-in user (kiji1313@gmail.com)
[info] 
     ######## #### ########  ######## ########     ###     ######  ########
     ##        ##  ##     ## ##       ##     ##  ##   ##  ##       ##
     ######    ##  ########  ######   ########  #########  ######  ######
     ##        ##  ##    ##  ##       ##     ## ##     ##       ## ##
     ##       #### ##     ## ######## ########  ##     ##  ######  ########

You're about to initialize a Firebase project in this directory:

  /Users/zzionie/Desktop/개인 프로젝트/투두리스트/todo_diary

[debug] [2023-12-06T12:28:51.142Z] <<< [apiv2][status] GET https://firebase-public.firebaseio.com/cli.json 200
[debug] [2023-12-06T12:28:51.143Z] <<< [apiv2][body] GET https://firebase-public.firebaseio.com/cli.json {"cloudBuildErrorAfter":1594252800000,"cloudBuildWarnAfter":1590019200000,"defaultNode10After":1594252800000,"minVersion":"3.0.5","node8DeploysDisabledAfter":1613390400000,"node8RuntimeDisabledAfter":1615809600000,"node8WarnAfter":1600128000000}
[info] 
=== Project Setup
[info] 
[info] First, let's associate this project directory with a Firebase project.
[info] You can create multiple project aliases by running firebase use --add, 
[info] but for now we'll just set up a default project.
[info] 
[debug] [2023-12-06T12:29:50.253Z] > refreshing access token with scopes: []
[debug] [2023-12-06T12:29:50.254Z] >>> [apiv2][query] POST https://www.googleapis.com/oauth2/v3/token [none]
[debug] [2023-12-06T12:29:50.254Z] >>> [apiv2][body] POST https://www.googleapis.com/oauth2/v3/token [omitted]
[debug] [2023-12-06T12:29:50.530Z] <<< [apiv2][status] POST https://www.googleapis.com/oauth2/v3/token 200
[debug] [2023-12-06T12:29:50.530Z] <<< [apiv2][body] POST https://www.googleapis.com/oauth2/v3/token [omitted]
[debug] [2023-12-06T12:29:50.546Z] >>> [apiv2][query] GET https://firebase.googleapis.com/v1beta1/projects pageSize=100
[debug] [2023-12-06T12:29:51.268Z] <<< [apiv2][status] GET https://firebase.googleapis.com/v1beta1/projects 200
[debug] [2023-12-06T12:29:51.268Z] <<< [apiv2][body] GET https://firebase.googleapis.com/v1beta1/projects [omitted]
[info] i  Using project tododiary-aed0b (TodoDiary) 
[info] 
=== Hosting Setup
[debug] [2023-12-06T12:29:59.988Z] >>> [apiv2][query] GET https://firebase.googleapis.com/v1beta1/projects/tododiary-aed0b [none]
[debug] [2023-12-06T12:30:00.400Z] <<< [apiv2][status] GET https://firebase.googleapis.com/v1beta1/projects/tododiary-aed0b 200
[debug] [2023-12-06T12:30:00.400Z] <<< [apiv2][body] GET https://firebase.googleapis.com/v1beta1/projects/tododiary-aed0b {"projectId":"tododiary-aed0b","projectNumber":"665124351387","displayName":"TodoDiary","name":"projects/tododiary-aed0b","resources":{"hostingSite":"tododiary-aed0b"},"state":"ACTIVE","etag":"1_6ef5e87d-2128-44be-87b3-8053f8b34b0b"}
[info] 
[info] Your public directory is the folder (relative to your project directory) that
[info] will contain Hosting assets to be uploaded with firebase deploy. If you
[info] have a build process for your assets, use your build's output directory.
[info] 
